<?xml version="1.0" encoding="UTF-8"?>
<!-- Generated by org.testng.reporters.JUnitReportReporter -->
<testsuite skipped="0" hostname="LAPTOP-48V40DGT" name="testscripts.Test2" tests="1" failures="0" timestamp="2023-04-04T18:31:25 IST" time="27.977" errors="0">
  <testcase name="test2" time="27.977" classname="testscripts.Test2"/>
  <system-out/>
</testsuite> <!-- testscripts.Test2 -->
